[debug] [2021-11-10T16:42:59.097Z] ----------------------------------------------------------------------
[debug] [2021-11-10T16:42:59.099Z] Command:       C:\Program Files\nodejs\node.exe C:\Users\vinay\AppData\Roaming\npm\node_modules\firebase-tools\lib\bin\firebase.js init
[debug] [2021-11-10T16:42:59.099Z] CLI Version:   9.21.0
[debug] [2021-11-10T16:42:59.099Z] Platform:      win32
[debug] [2021-11-10T16:42:59.100Z] Node Version:  v14.17.0
[debug] [2021-11-10T16:42:59.100Z] Time:          Wed Nov 10 2021 22:12:59 GMT+0530 (India Standard Time)
[debug] [2021-11-10T16:42:59.100Z] ----------------------------------------------------------------------
[debug] 
[debug] [2021-11-10T16:42:59.102Z] >>> [apiv2][query] GET https://firebase-public.firebaseio.com/cli.json [none]
[debug] [2021-11-10T16:42:59.121Z] > command requires scopes: ["email","openid","https://www.googleapis.com/auth/cloudplatformprojects.readonly","https://www.googleapis.com/auth/firebase","https://www.googleapis.com/auth/cloud-platform"]
[debug] [2021-11-10T16:42:59.121Z] > authorizing via signed-in user (vjjais17@gmail.com)
[info] 
     ######## #### ########  ######## ########     ###     ######  ########
     ##        ##  ##     ## ##       ##     ##  ##   ##  ##       ##
     ######    ##  ########  ######   ########  #########  ######  ######
     ##        ##  ##    ##  ##       ##     ## ##     ##       ## ##
     ##       #### ##     ## ######## ########  ##     ##  ######  ########

You're about to initialize a Firebase project in this directory:

  E:\git\gmail

[debug] [2021-11-10T16:43:00.026Z] <<< [apiv2][status] GET https://firebase-public.firebaseio.com/cli.json 200
[debug] [2021-11-10T16:43:00.027Z] <<< [apiv2][body] GET https://firebase-public.firebaseio.com/cli.json {"cloudBuildErrorAfter":1594252800000,"cloudBuildWarnAfter":1590019200000,"defaultNode10After":1594252800000,"minVersion":"3.0.5","node8DeploysDisabledAfter":1613390400000,"node8RuntimeDisabledAfter":1615809600000,"node8WarnAfter":1600128000000}
